[14:15:11] [main/INFO]: Loading Minecraft 1.21.1 with Fabric Loader 0.16.9
[14:15:11] [main/INFO]: Loading 4 mods:
	- fabricloader 0.16.9
	   \-- mixinextras 0.4.1
	- java 21
	- minecraft 1.21.1
[14:15:11] [main/INFO]: SpongePowered MIXIN Subsystem Version=0.8.7 Source=file:/workspaces/paketon/servidor_minecraft/libraries/net/fabricmc/sponge-mixin/0.15.4+mixin.0.8.7/sponge-mixin-0.15.4+mixin.0.8.7.jar Service=Knot/Fabric Env=SERVER
[14:15:17] [main/INFO]: Environment: Environment[sessionHost=https://sessionserver.mojang.com, servicesHost=https://api.minecraftservices.com, name=PROD]
[14:15:19] [main/INFO]: Loaded 1290 recipes
[14:15:19] [main/INFO]: Loaded 1399 advancements
[14:15:20] [Server thread/INFO]: Starting minecraft server version 1.21.1
[14:15:20] [Server thread/INFO]: Loading properties
[14:15:20] [Server thread/INFO]: Default game type: SURVIVAL
[14:15:20] [Server thread/INFO]: Generating keypair
[14:15:20] [Server thread/INFO]: Starting Minecraft server on *:25565
[14:15:20] [Server thread/INFO]: Using epoll channel type
[14:15:20] [Server thread/WARN]: **** SERVER IS RUNNING IN OFFLINE/INSECURE MODE!
[14:15:20] [Server thread/WARN]: The server will make no attempt to authenticate usernames. Beware.
[14:15:20] [Server thread/WARN]: While this makes the game possible to play without internet access, it also opens up the ability for hackers to connect with any username they choose.
[14:15:20] [Server thread/WARN]: To change this, set "online-mode" to "true" in the server.properties file.
[14:15:20] [Server thread/INFO]: Preparing level "world"
[14:15:23] [Server thread/INFO]: Preparing start region for dimension minecraft:overworld
[14:15:24] [Worker-Main-2/INFO]: Preparing spawn area: 0%
[14:15:24] [Server thread/INFO]: Time elapsed: 493 ms
[14:15:24] [Server thread/INFO]: Done (4.075s)! For help, type "help"
